<?xml version="1.0" encoding="UTF-8"?>
<!-- Generated by org.testng.reporters.JUnitReportReporter -->
<testsuite skipped="0" hostname="Akash-WorkStation" name="mavenTest.SearchTest" tests="1" failures="0" timestamp="20 Apr 2022 04:31:19 GMT" time="5.038" errors="0">
  <testcase name="search" time="5.038" classname="mavenTest.SearchTest"/>
</testsuite> <!-- mavenTest.SearchTest -->
