<?xml version="1.0" encoding="UTF-8"?>
<!-- Generated by org.testng.reporters.JUnitReportReporter -->
<testsuite skipped="0" hostname="Akash-WorkStation" name="mavenTest.SearchTest" tests="1" failures="0" timestamp="24 Apr 2022 04:02:48 GMT" time="3.645" errors="0">
  <testcase name="search" time="3.645" classname="mavenTest.SearchTest"/>
</testsuite> <!-- mavenTest.SearchTest -->
